{
  "url": "https://api.github.com/repos/ibm-cloud-architecture/devops-demo-kabanero-pipelines/releases/26151518",
  "assets_url": "https://api.github.com/repos/ibm-cloud-architecture/devops-demo-kabanero-pipelines/releases/26151518/assets",
  "upload_url": "https://uploads.github.com/repos/ibm-cloud-architecture/devops-demo-kabanero-pipelines/releases/26151518/assets{?name,label}",
  "html_url": "https://github.com/ibm-cloud-architecture/devops-demo-kabanero-pipelines/releases/tag/v1.2",
  "id": 26151518,
  "node_id": "MDc6UmVsZWFzZTI2MTUxNTE4",
  "tag_name": "v1.2",
  "target_commitish": "master",
  "name": "v1.2",
  "draft": false,
  "author": {
    "login": "hollisc",
    "id": 22800536,
    "node_id": "MDQ6VXNlcjIyODAwNTM2",
    "avatar_url": "https://avatars3.githubusercontent.com/u/22800536?v=4",
    "gravatar_id": "",
    "url": "https://api.github.com/users/hollisc",
    "html_url": "https://github.com/hollisc",
    "followers_url": "https://api.github.com/users/hollisc/followers",
    "following_url": "https://api.github.com/users/hollisc/following{/other_user}",
    "gists_url": "https://api.github.com/users/hollisc/gists{/gist_id}",
    "starred_url": "https://api.github.com/users/hollisc/starred{/owner}{/repo}",
    "subscriptions_url": "https://api.github.com/users/hollisc/subscriptions",
    "organizations_url": "https://api.github.com/users/hollisc/orgs",
    "repos_url": "https://api.github.com/users/hollisc/repos",
    "events_url": "https://api.github.com/users/hollisc/events{/privacy}",
    "received_events_url": "https://api.github.com/users/hollisc/received_events",
    "type": "User",
    "site_admin": false
  },
  "prerelease": false,
  "created_at": "2020-05-04T16:25:49Z",
  "published_at": "2020-05-04T16:56:10Z",
  "assets": [

  ],
  "tarball_url": "https://api.github.com/repos/ibm-cloud-architecture/devops-demo-kabanero-pipelines/tarball/v1.2",
  "zipball_url": "https://api.github.com/repos/ibm-cloud-architecture/devops-demo-kabanero-pipelines/zipball/v1.2",
  "body": "Update MCM pipeline"
}
