BUILDING: yellocabins/pipelines-index:SNAPSHOT
Sending build context to Docker daemon  55.81kB
Step 1/13 : FROM registry.access.redhat.com/ubi8/ubi-minimal
 ---> 6ce38bb5210c
Step 2/13 : LABEL name="pipelies-index"       vendor="Kabanero"       version="1"       release="1"       summary="Nginx container to host Kabanero pipelines"       description="Nginx container to host Kabanero pipelines"
 ---> Using cache
 ---> 01856cc4646f
Step 3/13 : COPY nginx/nginx.repo  /etc/yum.repos.d/nginx.repo
 ---> Using cache
 ---> 3b0748a9eb02
Step 4/13 : RUN microdnf install nginx findutils     && mkdir /var/cache/nginx     && chown -R nginx:0 /var/log/nginx/ /var/cache/nginx /usr/share/nginx     && chmod -R g=u /var/log/nginx/ /var/cache/nginx /usr/share/nginx     && mkdir /licenses     && cp /usr/share/doc/nginx*/* /licenses
 ---> Using cache
 ---> d93ab0af1b14
Step 5/13 : COPY nginx/nginx.conf  /etc/nginx/nginx.conf
 ---> Using cache
 ---> e376becbcbcb
Step 6/13 : COPY nginx/nginx-ssl.conf  /etc/nginx/nginx-ssl.conf
 ---> Using cache
 ---> 621acebd9d4f
Step 7/13 : COPY nginx/startup.sh  /opt/startup.sh
 ---> Using cache
 ---> b41a7f5fb2ce
Step 8/13 : COPY assets            /opt/www/public
 ---> 5894a0860ccd
Step 9/13 : EXPOSE 8080
 ---> Running in 45040fd01f3b
Removing intermediate container 45040fd01f3b
 ---> ee371309b9dc
Step 10/13 : EXPOSE 8443
 ---> Running in 110bdeaa93e8
Removing intermediate container 110bdeaa93e8
 ---> da11f1a4b48d
Step 11/13 : RUN touch /var/run/nginx.pid &&   chown -R nginx:0 /var/run/nginx.pid /var/cache/nginx /opt/www/public /etc/nginx /run &&   chmod -R g=u /opt/www/public /var/cache/nginx /etc/nginx /var/run/nginx.pid /run
 ---> Running in 4228da7fd8f5
Removing intermediate container 4228da7fd8f5
 ---> 02f6151d780f
Step 12/13 : USER nginx
 ---> Running in b7725b8a4720
Removing intermediate container b7725b8a4720
 ---> c3bd6fdf97bb
Step 13/13 : ENTRYPOINT ["/opt/startup.sh"]
 ---> Running in b7e5e87b0d55
Removing intermediate container b7e5e87b0d55
 ---> 1ba6ec67a792
Successfully built 1ba6ec67a792
Successfully tagged yellocabins/pipelines-index:latest
Successfully tagged yellocabins/pipelines-index:SNAPSHOT
